  main_변수.c
C:\Users\Administrator\source\repos\p_c_advanced\p_06_26_변수\main_변수.c(47,5): error C2084: 'int main()' 함수에 이미 본문이 있습니다.
C:\Users\Administrator\source\repos\p_c_advanced\p_06_26_변수\main_변수.c(7,5): message : 'main'의 이전 정의를 참조하십시오.
C:\Users\Administrator\source\repos\p_c_advanced\p_06_26_변수\main_변수.c(71,16): error C2059: 구문 오류: '숫자의 접미사가 잘못되었습니다.'
C:\Users\Administrator\source\repos\p_c_advanced\p_06_26_변수\main_변수.c(71,24): error C2059: 구문 오류: '숫자의 접미사가 잘못되었습니다.'
C:\Users\Administrator\source\repos\p_c_advanced\p_06_26_변수\main_변수.c(121,2): error C2143: 구문 오류: ';'이(가) '{' 앞에 없습니다.
C:\Users\Administrator\source\repos\p_c_advanced\p_06_26_변수\main_변수.c(124,10): error C2065: 'n1': 선언되지 않은 식별자입니다.
C:\Users\Administrator\source\repos\p_c_advanced\p_06_26_변수\main_변수.c(124,14): error C2065: 'n2': 선언되지 않은 식별자입니다.
C:\Users\Administrator\source\repos\p_c_advanced\p_06_26_변수\main_변수.c(126,13): error C2065: 'n1': 선언되지 않은 식별자입니다.
C:\Users\Administrator\source\repos\p_c_advanced\p_06_26_변수\main_변수.c(127,7): error C2065: 'n1': 선언되지 않은 식별자입니다.
C:\Users\Administrator\source\repos\p_c_advanced\p_06_26_변수\main_변수.c(127,11): error C2065: 'n2': 선언되지 않은 식별자입니다.
C:\Users\Administrator\source\repos\p_c_advanced\p_06_26_변수\main_변수.c(128,7): error C2065: 'n2': 선언되지 않은 식별자입니다.
C:\Users\Administrator\source\repos\p_c_advanced\p_06_26_변수\main_변수.c(130,13): error C2065: 'n1': 선언되지 않은 식별자입니다.
C:\Users\Administrator\source\repos\p_c_advanced\p_06_26_변수\main_변수.c(130,21): error C2065: 'n1': 선언되지 않은 식별자입니다.
C:\Users\Administrator\source\repos\p_c_advanced\p_06_26_변수\main_변수.c(132,11): error C2065: 'n1': 선언되지 않은 식별자입니다.
C:\Users\Administrator\source\repos\p_c_advanced\p_06_26_변수\main_변수.c(132,15): error C2065: 'n2': 선언되지 않은 식별자입니다.
C:\Users\Administrator\source\repos\p_c_advanced\p_06_26_변수\main_변수.c(134,33): error C2065: 'n1': 선언되지 않은 식별자입니다.
C:\Users\Administrator\source\repos\p_c_advanced\p_06_26_변수\main_변수.c(134,41): error C2065: 'n1': 선언되지 않은 식별자입니다.
C:\Users\Administrator\source\repos\p_c_advanced\p_06_26_변수\main_변수.c(150,16): error C2059: 구문 오류: '숫자의 접미사가 잘못되었습니다.'
C:\Users\Administrator\source\repos\p_c_advanced\p_06_26_변수\main_변수.c(156,1): error C2143: 구문 오류: ';'이(가) '{' 앞에 없습니다.
C:\Users\Administrator\source\repos\p_c_advanced\p_06_26_변수\main_변수.c(188,1): error C2143: 구문 오류: ';'이(가) '{' 앞에 없습니다.
C:\Users\Administrator\source\repos\p_c_advanced\p_06_26_변수\main_변수.c(193,13): error C2065: 'v1': 선언되지 않은 식별자입니다.
C:\Users\Administrator\source\repos\p_c_advanced\p_06_26_변수\main_변수.c(196,10): error C2065: 'v1': 선언되지 않은 식별자입니다.
C:\Users\Administrator\source\repos\p_c_advanced\p_06_26_변수\main_변수.c(196,30): error C2065: 'v2': 선언되지 않은 식별자입니다.
C:\Users\Administrator\source\repos\p_c_advanced\p_06_26_변수\main_변수.c(229,16): error C2059: 구문 오류: '숫자의 접미사가 잘못되었습니다.'
C:\Users\Administrator\source\repos\p_c_advanced\p_06_26_변수\main_변수.c(235,1): error C2143: 구문 오류: ';'이(가) '{' 앞에 없습니다.
C:\Users\Administrator\source\repos\p_c_advanced\p_06_26_변수\main_변수.c(293,16): error C2059: 구문 오류: '숫자의 접미사가 잘못되었습니다.'
C:\Users\Administrator\source\repos\p_c_advanced\p_06_26_변수\main_변수.c(301,1): error C2143: 구문 오류: ';'이(가) '{' 앞에 없습니다.
C:\Users\Administrator\source\repos\p_c_advanced\p_06_26_변수\main_변수.c(329,1): error C2143: 구문 오류: ';'이(가) '{' 앞에 없습니다.
C:\Users\Administrator\source\repos\p_c_advanced\p_06_26_변수\main_변수.c(332,22): error C2065: 'num': 선언되지 않은 식별자입니다.
C:\Users\Administrator\source\repos\p_c_advanced\p_06_26_변수\main_변수.c(333,11): error C2065: 'num': 선언되지 않은 식별자입니다.
C:\Users\Administrator\source\repos\p_c_advanced\p_06_26_변수\main_변수.c(333,31): error C2065: 'num': 선언되지 않은 식별자입니다.
C:\Users\Administrator\source\repos\p_c_advanced\p_06_26_변수\main_변수.c(346,16): error C2059: 구문 오류: '숫자의 접미사가 잘못되었습니다.'
C:\Users\Administrator\source\repos\p_c_advanced\p_06_26_변수\main_변수.c(357,1): error C2143: 구문 오류: ';'이(가) '{' 앞에 없습니다.
C:\Users\Administrator\source\repos\p_c_advanced\p_06_26_변수\main_변수.c(375,1): error C2143: 구문 오류: ';'이(가) '{' 앞에 없습니다.
C:\Users\Administrator\source\repos\p_c_advanced\p_06_26_변수\main_변수.c(377,10): error C2065: 'sec': 선언되지 않은 식별자입니다.
C:\Users\Administrator\source\repos\p_c_advanced\p_06_26_변수\main_변수.c(378,11): error C2065: 'sec': 선언되지 않은 식별자입니다.
C:\Users\Administrator\source\repos\p_c_advanced\p_06_26_변수\main_변수.c(379,6): error C2065: 'sec': 선언되지 않은 식별자입니다.
C:\Users\Administrator\source\repos\p_c_advanced\p_06_26_변수\main_변수.c(379,12): error C2065: 'sec': 선언되지 않은 식별자입니다.
C:\Users\Administrator\source\repos\p_c_advanced\p_06_26_변수\main_변수.c(380,40): error C2065: 'sec': 선언되지 않은 식별자입니다.
C:\Users\Administrator\source\repos\p_c_advanced\p_06_26_변수\main_변수.c(388,16): error C2059: 구문 오류: '숫자의 접미사가 잘못되었습니다.'
C:\Users\Administrator\source\repos\p_c_advanced\p_06_26_변수\main_변수.c(396,1): error C2143: 구문 오류: ';'이(가) '{' 앞에 없습니다.
C:\Users\Administrator\source\repos\p_c_advanced\p_06_26_변수\main_변수.c(447,16): error C2059: 구문 오류: '숫자의 접미사가 잘못되었습니다.'
C:\Users\Administrator\source\repos\p_c_advanced\p_06_26_변수\main_변수.c(455,1): error C2143: 구문 오류: ';'이(가) '{' 앞에 없습니다.
C:\Users\Administrator\source\repos\p_c_advanced\p_06_26_변수\main_변수.c(473,1): error C2143: 구문 오류: ';'이(가) '{' 앞에 없습니다.
C:\Users\Administrator\source\repos\p_c_advanced\p_06_26_변수\main_변수.c(474,10): error C2065: 'num': 선언되지 않은 식별자입니다.
C:\Users\Administrator\source\repos\p_c_advanced\p_06_26_변수\main_변수.c(477,26): error C2065: 'num': 선언되지 않은 식별자입니다.
C:\Users\Administrator\source\repos\p_c_advanced\p_06_26_변수\main_변수.c(493,1): error C2143: 구문 오류: ';'이(가) '{' 앞에 없습니다.
C:\Users\Administrator\source\repos\p_c_advanced\p_06_26_변수\main_변수.c(531,1): error C2143: 구문 오류: ';'이(가) '{' 앞에 없습니다.
C:\Users\Administrator\source\repos\p_c_advanced\p_06_26_변수\main_변수.c(77): fatal  error C1075: '{': 일치하는 토큰을 찾을 수 없습니다.
